<?xml version="1.0" encoding="UTF-8"?>
<coverage generated="1617122740686" clover="3.2.0">
  <project timestamp="1617122740687" name="All files">
    <metrics statements="18" coveredstatements="18" conditionals="2" coveredconditionals="2" methods="8" coveredmethods="8" elements="28" coveredelements="28" complexity="0" loc="18" ncloc="18" packages="1" files="1" classes="1"/>
    <file name="TempTracker.js" path="/Users/anthonyhelou/sites/temp-tracker/TempTracker.js">
      <metrics statements="18" coveredstatements="18" conditionals="2" coveredconditionals="2" methods="8" coveredmethods="8"/>
      <line num="3" count="5" type="stmt"/>
      <line num="4" count="5" type="stmt"/>
      <line num="8" count="14" type="stmt"/>
      <line num="9" count="14" type="cond" truecount="2" falsecount="0"/>
      <line num="10" count="9" type="stmt"/>
      <line num="11" count="9" type="stmt"/>
      <line num="12" count="9" type="stmt"/>
      <line num="13" count="9" type="stmt"/>
      <line num="15" count="14" type="stmt"/>
      <line num="16" count="14" type="stmt"/>
      <line num="20" count="9" type="stmt"/>
      <line num="21" count="22" type="stmt"/>
      <line num="26" count="3" type="stmt"/>
      <line num="27" count="3" type="stmt"/>
      <line num="31" count="2" type="stmt"/>
      <line num="35" count="2" type="stmt"/>
      <line num="39" count="1" type="stmt"/>
      <line num="43" count="1" type="stmt"/>
    </file>
  </project>
</coverage>
