{"/Users/anthonyhelou/sites/temp-tracker/TempTracker.js": {"path":"/Users/anthonyhelou/sites/temp-tracker/TempTracker.js","statementMap":{"0":{"start":{"line":3,"column":4},"end":{"line":3,"column":29}},"1":{"start":{"line":4,"column":4},"end":{"line":4,"column":20}},"2":{"start":{"line":8,"column":25},"end":{"line":8,"column":60}},"3":{"start":{"line":9,"column":4},"end":{"line":14,"column":5}},"4":{"start":{"line":10,"column":28},"end":{"line":10,"column":79}},"5":{"start":{"line":11,"column":6},"end":{"line":11,"column":59}},"6":{"start":{"line":12,"column":6},"end":{"line":12,"column":59}},"7":{"start":{"line":13,"column":6},"end":{"line":13,"column":49}},"8":{"start":{"line":15,"column":4},"end":{"line":15,"column":43}},"9":{"start":{"line":16,"column":4},"end":{"line":16,"column":26}},"10":{"start":{"line":20,"column":4},"end":{"line":22,"column":6}},"11":{"start":{"line":21,"column":45},"end":{"line":21,"column":50}},"12":{"start":{"line":26,"column":4},"end":{"line":26,"column":30}},"13":{"start":{"line":27,"column":4},"end":{"line":27,"column":28}},"14":{"start":{"line":31,"column":4},"end":{"line":31,"column":67}},"15":{"start":{"line":35,"column":4},"end":{"line":35,"column":67}},"16":{"start":{"line":39,"column":4},"end":{"line":39,"column":67}},"17":{"start":{"line":43,"column":0},"end":{"line":43,"column":29}}},"fnMap":{"0":{"name":"(anonymous_0)","decl":{"start":{"line":2,"column":2},"end":{"line":2,"column":3}},"loc":{"start":{"line":2,"column":16},"end":{"line":5,"column":3}},"line":2},"1":{"name":"(anonymous_1)","decl":{"start":{"line":7,"column":2},"end":{"line":7,"column":3}},"loc":{"start":{"line":7,"column":13},"end":{"line":17,"column":3}},"line":7},"2":{"name":"(anonymous_2)","decl":{"start":{"line":19,"column":2},"end":{"line":19,"column":3}},"loc":{"start":{"line":19,"column":21},"end":{"line":23,"column":3}},"line":19},"3":{"name":"(anonymous_3)","decl":{"start":{"line":21,"column":35},"end":{"line":21,"column":36}},"loc":{"start":{"line":21,"column":45},"end":{"line":21,"column":50}},"line":21},"4":{"name":"(anonymous_4)","decl":{"start":{"line":25,"column":2},"end":{"line":25,"column":3}},"loc":{"start":{"line":25,"column":8},"end":{"line":28,"column":3}},"line":25},"5":{"name":"(anonymous_5)","decl":{"start":{"line":30,"column":2},"end":{"line":30,"column":3}},"loc":{"start":{"line":30,"column":11},"end":{"line":32,"column":3}},"line":30},"6":{"name":"(anonymous_6)","decl":{"start":{"line":34,"column":2},"end":{"line":34,"column":3}},"loc":{"start":{"line":34,"column":11},"end":{"line":36,"column":3}},"line":34},"7":{"name":"(anonymous_7)","decl":{"start":{"line":38,"column":2},"end":{"line":38,"column":3}},"loc":{"start":{"line":38,"column":11},"end":{"line":40,"column":3}},"line":38}},"branchMap":{"0":{"loc":{"start":{"line":9,"column":4},"end":{"line":14,"column":5}},"type":"if","locations":[{"start":{"line":9,"column":4},"end":{"line":14,"column":5}},{"start":{"line":9,"column":4},"end":{"line":14,"column":5}}],"line":9}},"s":{"0":5,"1":5,"2":14,"3":14,"4":9,"5":9,"6":9,"7":9,"8":14,"9":14,"10":9,"11":22,"12":3,"13":3,"14":2,"15":2,"16":1,"17":1},"f":{"0":5,"1":14,"2":9,"3":22,"4":3,"5":2,"6":2,"7":1},"b":{"0":[9,5]},"_coverageSchema":"1a1c01bbd47fc00a2c39e90264f33305004495a9","hash":"7448dc2078d9058fc30d8d6f15aac84467729a3f"}
}
