TN:
SF:TempTracker.js
FN:2,(anonymous_0)
FN:7,(anonymous_1)
FN:19,(anonymous_2)
FN:21,(anonymous_3)
FN:25,(anonymous_4)
FN:30,(anonymous_5)
FN:34,(anonymous_6)
FN:38,(anonymous_7)
FNF:8
FNH:8
FNDA:5,(anonymous_0)
FNDA:14,(anonymous_1)
FNDA:9,(anonymous_2)
FNDA:22,(anonymous_3)
FNDA:3,(anonymous_4)
FNDA:2,(anonymous_5)
FNDA:2,(anonymous_6)
FNDA:1,(anonymous_7)
DA:3,5
DA:4,5
DA:8,14
DA:9,14
DA:10,9
DA:11,9
DA:12,9
DA:13,9
DA:15,14
DA:16,14
DA:20,9
DA:21,22
DA:26,3
DA:27,3
DA:31,2
DA:35,2
DA:39,1
DA:43,1
LF:18
LH:18
BRDA:9,0,0,9
BRDA:9,0,1,5
BRF:2
BRH:2
end_of_record
